-------------------------------------------------------------------------------
Test set: tada.TadaTest
-------------------------------------------------------------------------------
Tests run: 1, Failures: 1, Errors: 0, Skipped: 0, Time elapsed: 14.972 s <<< FAILURE! - in tada.TadaTest
validate_drivingGet(tada.TadaTest)  Time elapsed: 1.362 s  <<< FAILURE!
org.opentest4j.AssertionFailedError: 

Expecting:
 <404>
to be equal to:
 <200>
but was not.
	at tada.TadaTest.validate_drivingGet(TadaTest.java:33)

