<?xml version="1.0" encoding="UTF-8"?>
<testsuite xmlns:xsi="http://www.w3.org/2001/XMLSchema-instance" xsi:noNamespaceSchemaLocation="https://maven.apache.org/surefire/maven-surefire-plugin/xsd/surefire-test-report.xsd" name="tada.TadaTest" time="14.972" tests="1" errors="0" skipped="0" failures="1">
  <properties>
[...]
</properties>
  <testcase name="validate_drivingGet" classname="tada.TadaTest" time="1.362">
    <failure message="&#10;Expecting:&#10; &lt;404&gt;&#10;to be equal to:&#10; &lt;200&gt;&#10;but was not." type="org.opentest4j.AssertionFailedError"><![CDATA[org.opentest4j.AssertionFailedError: 

Expecting:
 <404>
to be equal to:
 <200>
but was not.
	at tada.TadaTest.validate_drivingGet(TadaTest.java:33)
]]></failure>
    <system-out><![CDATA[12:55:19.283 [main] DEBUG org.springframework.test.context.junit4.SpringJUnit4ClassRunner - SpringJUnit4ClassRunner constructor called with [class tada.TadaTest]
12:55:19.287 [main] DEBUG org.springframework.test.context.BootstrapUtils - Instantiating CacheAwareContextLoaderDelegate from class [org.springframework.test.context.cache.DefaultCacheAwareContextLoaderDelegate]
12:55:19.295 [main] DEBUG org.springframework.test.context.BootstrapUtils - Instantiating BootstrapContext using constructor [public org.springframework.test.context.support.DefaultBootstrapContext(java.lang.Class,org.springframework.test.context.CacheAwareContextLoaderDelegate)]
12:55:19.321 [main] DEBUG org.springframework.test.context.BootstrapUtils - Instantiating TestContextBootstrapper for test class [tada.TadaTest] from class [org.springframework.boot.test.context.SpringBootTestContextBootstrapper]
12:55:19.336 [main] INFO org.springframework.boot.test.context.SpringBootTestContextBootstrapper - Neither @ContextConfiguration nor @ContextHierarchy found for test class [tada.TadaTest], using SpringBootContextLoader
12:55:19.339 [main] DEBUG org.springframework.test.context.support.AbstractContextLoader - Did not detect default resource location for test class [tada.TadaTest]: class path resource [tada/TadaTest-context.xml] does not exist
12:55:19.340 [main] DEBUG org.springframework.test.context.support.AbstractContextLoader - Did not detect default resource location for test class [tada.TadaTest]: class path resource [tada/TadaTestContext.groovy] does not exist
12:55:19.340 [main] INFO org.springframework.test.context.support.AbstractContextLoader - Could not detect default resource locations for test class [tada.TadaTest]: no resource found for suffixes {-context.xml, Context.groovy}.
12:55:19.341 [main] INFO org.springframework.test.context.support.AnnotationConfigContextLoaderUtils - Could not detect default configuration classes for test class [tada.TadaTest]: TadaTest does not declare any static, non-private, non-final, nested classes annotated with @Configuration.
12:55:19.482 [main] DEBUG org.springframework.context.annotation.ClassPathScanningCandidateComponentProvider - Identified candidate component class: file [C:\Users\SKCC\Documents\tada\payment\target\classes\tada\Application.class]
12:55:19.508 [main] INFO org.springframework.boot.test.context.SpringBootTestContextBootstrapper - Found @SpringBootConfiguration tada.Application for test class tada.TadaTest
12:55:19.610 [main] DEBUG org.springframework.boot.test.context.SpringBootTestContextBootstrapper - @TestExecutionListeners is not present for class [tada.TadaTest]: using defaults.
12:55:19.611 [main] INFO org.springframework.boot.test.context.SpringBootTestContextBootstrapper - Loaded default TestExecutionListener class names from location [META-INF/spring.factories]: [org.springframework.boot.test.autoconfigure.restdocs.RestDocsTestExecutionListener, org.springframework.boot.test.autoconfigure.web.client.MockRestServiceServerResetTestExecutionListener, org.springframework.boot.test.autoconfigure.web.servlet.MockMvcPrintOnlyOnFailureTestExecutionListener, org.springframework.boot.test.autoconfigure.web.servlet.WebDriverTestExecutionListener, org.springframework.test.context.web.ServletTestExecutionListener, org.springframework.test.context.support.DirtiesContextBeforeModesTestExecutionListener, org.springframework.test.context.support.DependencyInjectionTestExecutionListener, org.springframework.test.context.support.DirtiesContextTestExecutionListener, org.springframework.test.context.transaction.TransactionalTestExecutionListener, org.springframework.test.context.jdbc.SqlScriptsTestExecutionListener, org.springframework.boot.test.mock.mockito.MockitoTestExecutionListener, org.springframework.boot.test.mock.mockito.ResetMocksTestExecutionListener]
12:55:19.631 [main] INFO org.springframework.boot.test.context.SpringBootTestContextBootstrapper - Using TestExecutionListeners: [org.springframework.test.context.web.ServletTestExecutionListener@1613674b, org.springframework.test.context.support.DirtiesContextBeforeModesTestExecutionListener@27ff5d15, org.springframework.boot.test.mock.mockito.MockitoTestExecutionListener@4e096385, org.springframework.boot.test.autoconfigure.SpringBootDependencyInjectionTestExecutionListener@649bec2e, org.springframework.test.context.support.DirtiesContextTestExecutionListener@693fe6c9, org.springframework.test.context.transaction.TransactionalTestExecutionListener@34f5090e, org.springframework.test.context.jdbc.SqlScriptsTestExecutionListener@31e5415e, org.springframework.boot.test.autoconfigure.restdocs.RestDocsTestExecutionListener@a2431d0, org.springframework.boot.test.autoconfigure.web.client.MockRestServiceServerResetTestExecutionListener@1cbb87f3, org.springframework.boot.test.autoconfigure.web.servlet.MockMvcPrintOnlyOnFailureTestExecutionListener@1a4013, org.springframework.boot.test.autoconfigure.web.servlet.WebDriverTestExecutionListener@1b6e1eff, org.springframework.boot.test.mock.mockito.ResetMocksTestExecutionListener@306f16f3]
12:55:19.633 [main] DEBUG org.springframework.test.annotation.ProfileValueUtils - Retrieved @ProfileValueSourceConfiguration [null] for test class [tada.TadaTest]
12:55:19.633 [main] DEBUG org.springframework.test.annotation.ProfileValueUtils - Retrieved ProfileValueSource type [class org.springframework.test.annotation.SystemProfileValueSource] for class [tada.TadaTest]
12:55:19.635 [main] DEBUG org.springframework.test.annotation.ProfileValueUtils - Retrieved @ProfileValueSourceConfiguration [null] for test class [tada.TadaTest]
12:55:19.635 [main] DEBUG org.springframework.test.annotation.ProfileValueUtils - Retrieved ProfileValueSource type [class org.springframework.test.annotation.SystemProfileValueSource] for class [tada.TadaTest]
12:55:19.636 [main] DEBUG org.springframework.test.annotation.ProfileValueUtils - Retrieved @ProfileValueSourceConfiguration [null] for test class [tada.TadaTest]
12:55:19.636 [main] DEBUG org.springframework.test.annotation.ProfileValueUtils - Retrieved ProfileValueSource type [class org.springframework.test.annotation.SystemProfileValueSource] for class [tada.TadaTest]
12:55:19.640 [main] DEBUG org.springframework.test.context.support.AbstractDirtiesContextTestExecutionListener - Before test class: context [DefaultTestContext@33990a0c testClass = TadaTest, testInstance = [null], testMethod = [null], testException = [null], mergedContextConfiguration = [WebMergedContextConfiguration@4de4b452 testClass = TadaTest, locations = '{}', classes = '{class tada.Application}', contextInitializerClasses = '[]', activeProfiles = '{test}', propertySourceLocations = '{}', propertySourceProperties = '{org.springframework.boot.test.context.SpringBootTestContextBootstrapper=true, server.port=0}', contextCustomizers = set[org.springframework.boot.test.autoconfigure.properties.PropertyMappingContextCustomizer@0, org.springframework.boot.test.autoconfigure.web.servlet.WebDriverContextCustomizerFactory$Customizer@3ee0fea4, [ImportsContextCustomizer@50b5ac82 key = [org.springframework.cloud.contract.verifier.messaging.stream.ContractVerifierStreamAutoConfiguration, org.springframework.cloud.contract.verifier.messaging.integration.ContractVerifierIntegrationConfiguration, org.springframework.cloud.contract.verifier.messaging.amqp.ContractVerifierAmqpAutoConfiguration, org.springframework.cloud.contract.verifier.messaging.amqp.RabbitMockConnectionFactoryAutoConfiguration, org.springframework.cloud.contract.verifier.messaging.camel.ContractVerifierCamelConfiguration, org.springframework.cloud.contract.verifier.messaging.noop.NoOpContractVerifierAutoConfiguration]], org.springframework.boot.test.context.filter.ExcludeFilterContextCustomizer@60611244, org.springframework.boot.test.json.DuplicateJsonObjectContextCustomizerFactory$DuplicateJsonObjectContextCustomizer@71c8becc, org.springframework.boot.test.mock.mockito.MockitoContextCustomizer@1f6dc044, org.springframework.boot.test.web.client.TestRestTemplateContextCustomizer@1e730495], resourceBasePath = 'src/main/webapp', contextLoader = 'org.springframework.boot.test.context.SpringBootContextLoader', parent = [null]], attributes = map['org.springframework.test.context.web.ServletTestExecutionListener.activateListener' -> false]], class annotated with @DirtiesContext [true] with mode [AFTER_CLASS].
12:55:19.640 [main] DEBUG org.springframework.test.annotation.ProfileValueUtils - Retrieved @ProfileValueSourceConfiguration [null] for test class [tada.TadaTest]
12:55:19.640 [main] DEBUG org.springframework.test.annotation.ProfileValueUtils - Retrieved ProfileValueSource type [class org.springframework.test.annotation.SystemProfileValueSource] for class [tada.TadaTest]
12:55:19.678 [main] DEBUG org.springframework.test.context.support.TestPropertySourceUtils - Adding inlined properties to environment: {spring.jmx.enabled=false, org.springframework.boot.test.context.SpringBootTestContextBootstrapper=true, server.port=0}
2020-06-19 12:55:20.928  INFO 30340 --- [           main] trationDelegate$BeanPostProcessorChecker : Bean 'org.springframework.cloud.autoconfigure.ConfigurationPropertiesRebinderAutoConfiguration' of type [org.springframework.cloud.autoconfigure.ConfigurationPropertiesRebinderAutoConfiguration$$EnhancerBySpringCGLIB$$8e06d309] is not eligible for getting processed by all BeanPostProcessors (for example: not eligible for auto-proxying)

  .   ____          _            __ _ _
 /\\ / ___'_ __ _ _(_)_ __  __ _ \ \ \ \
( ( )\___ | '_ | '_| | '_ \/ _` | \ \ \ \
 \\/  ___)| |_)| | | | | || (_| |  ) ) ) )
  '  |____| .__|_| |_|_| |_\__, | / / / /
 =========|_|==============|___/=/_/_/_/
 :: Spring Boot ::        (v2.1.9.RELEASE)

2020-06-19 12:55:21.598  INFO 30340 --- [           main] tada.TadaTest                            : The following profiles are active: test
2020-06-19 12:55:22.577  INFO 30340 --- [           main] .s.d.r.c.RepositoryConfigurationDelegate : Bootstrapping Spring Data repositories in DEFAULT mode.
2020-06-19 12:55:22.831  INFO 30340 --- [           main] .s.d.r.c.RepositoryConfigurationDelegate : Finished Spring Data repository scanning in 247ms. Found 1 repository interfaces.
2020-06-19 12:55:23.302  INFO 30340 --- [           main] o.s.cloud.context.scope.GenericScope     : BeanFactory id=bc5b598d-b474-3b27-8b3e-b8310da1dbbd
2020-06-19 12:55:23.753  INFO 30340 --- [           main] faultConfiguringBeanFactoryPostProcessor : No bean named 'errorChannel' has been explicitly defined. Therefore, a default PublishSubscribeChannel will be created.
2020-06-19 12:55:23.758  INFO 30340 --- [           main] faultConfiguringBeanFactoryPostProcessor : No bean named 'taskScheduler' has been explicitly defined. Therefore, a default ThreadPoolTaskScheduler will be created.
2020-06-19 12:55:23.764  INFO 30340 --- [           main] faultConfiguringBeanFactoryPostProcessor : No bean named 'integrationHeaderChannelRegistry' has been explicitly defined. Therefore, a default DefaultHeaderChannelRegistry will be created.
2020-06-19 12:55:23.860  INFO 30340 --- [           main] trationDelegate$BeanPostProcessorChecker : Bean 'org.springframework.kafka.annotation.KafkaBootstrapConfiguration' of type [org.springframework.kafka.annotation.KafkaBootstrapConfiguration$$EnhancerBySpringCGLIB$$459ee18f] is not eligible for getting processed by all BeanPostProcessors (for example: not eligible for auto-proxying)
2020-06-19 12:55:23.911  INFO 30340 --- [           main] trationDelegate$BeanPostProcessorChecker : Bean 'org.springframework.transaction.annotation.ProxyTransactionManagementConfiguration' of type [org.springframework.transaction.annotation.ProxyTransactionManagementConfiguration$$EnhancerBySpringCGLIB$$71ecd00c] is not eligible for getting processed by all BeanPostProcessors (for example: not eligible for auto-proxying)
2020-06-19 12:55:23.959  INFO 30340 --- [           main] trationDelegate$BeanPostProcessorChecker : Bean 'integrationDisposableAutoCreatedBeans' of type [org.springframework.integration.config.annotation.Disposables] is not eligible for getting processed by all BeanPostProcessors (for example: not eligible for auto-proxying)
2020-06-19 12:55:24.022  INFO 30340 --- [           main] trationDelegate$BeanPostProcessorChecker : Bean 'org.springframework.integration.config.IntegrationManagementConfiguration' of type [org.springframework.integration.config.IntegrationManagementConfiguration$$EnhancerBySpringCGLIB$$dcde8b3b] is not eligible for getting processed by all BeanPostProcessors (for example: not eligible for auto-proxying)
2020-06-19 12:55:24.052  INFO 30340 --- [           main] trationDelegate$BeanPostProcessorChecker : Bean 'org.springframework.hateoas.config.HateoasConfiguration' of type [org.springframework.hateoas.config.HateoasConfiguration$$EnhancerBySpringCGLIB$$f16d1d3e] is not eligible for getting processed by all BeanPostProcessors (for example: not eligible for auto-proxying)
2020-06-19 12:55:24.080  INFO 30340 --- [           main] trationDelegate$BeanPostProcessorChecker : Bean 'org.springframework.cloud.autoconfigure.ConfigurationPropertiesRebinderAutoConfiguration' of type [org.springframework.cloud.autoconfigure.ConfigurationPropertiesRebinderAutoConfiguration$$EnhancerBySpringCGLIB$$8e06d309] is not eligible for getting processed by all BeanPostProcessors (for example: not eligible for auto-proxying)
2020-06-19 12:55:25.009  INFO 30340 --- [           main] o.s.b.w.embedded.tomcat.TomcatWebServer  : Tomcat initialized with port(s): 0 (http)
2020-06-19 12:55:25.049  INFO 30340 --- [           main] o.apache.catalina.core.StandardService   : Starting service [Tomcat]
2020-06-19 12:55:25.050  INFO 30340 --- [           main] org.apache.catalina.core.StandardEngine  : Starting Servlet engine: [Apache Tomcat/9.0.26]
2020-06-19 12:55:25.233  INFO 30340 --- [           main] o.a.c.c.C.[Tomcat].[localhost].[/]       : Initializing Spring embedded WebApplicationContext
2020-06-19 12:55:25.233  INFO 30340 --- [           main] o.s.web.context.ContextLoader            : Root WebApplicationContext: initialization completed in 3630 ms
2020-06-19 12:55:26.509  INFO 30340 --- [           main] o.s.s.c.ThreadPoolTaskScheduler          : Initializing ExecutorService 'taskScheduler'
2020-06-19 12:55:27.251  INFO 30340 --- [           main] com.zaxxer.hikari.HikariDataSource       : HikariPool-1 - Starting...
2020-06-19 12:55:27.461  INFO 30340 --- [           main] com.zaxxer.hikari.HikariDataSource       : HikariPool-1 - Start completed.
2020-06-19 12:55:27.559  INFO 30340 --- [           main] o.hibernate.jpa.internal.util.LogHelper  : HHH000204: Processing PersistenceUnitInfo [
	name: default
	...]
2020-06-19 12:55:27.647  INFO 30340 --- [           main] org.hibernate.Version                    : HHH000412: Hibernate Core {5.3.12.Final}
2020-06-19 12:55:27.649  INFO 30340 --- [           main] org.hibernate.cfg.Environment            : HHH000206: hibernate.properties not found
2020-06-19 12:55:27.923  INFO 30340 --- [           main] o.hibernate.annotations.common.Version   : HCANN000001: Hibernate Commons Annotations {5.0.4.Final}
2020-06-19 12:55:28.104  INFO 30340 --- [           main] org.hibernate.dialect.Dialect            : HHH000400: Using dialect: org.hibernate.dialect.H2Dialect
2020-06-19 12:55:28.642  INFO 30340 --- [           main] o.h.t.schema.internal.SchemaCreatorImpl  : HHH000476: Executing import script 'org.hibernate.tool.schema.internal.exec.ScriptSourceInputNonExistentImpl@2c6a6ce3'
2020-06-19 12:55:28.646  INFO 30340 --- [           main] j.LocalContainerEntityManagerFactoryBean : Initialized JPA EntityManagerFactory for persistence unit 'default'
2020-06-19 12:55:29.247  WARN 30340 --- [           main] o.s.c.n.a.ArchaiusAutoConfiguration      : No spring.application.name found, defaulting to 'application'
2020-06-19 12:55:29.252  WARN 30340 --- [           main] c.n.c.sources.URLConfigurationSource     : No URLs will be polled as dynamic configuration sources.
2020-06-19 12:55:29.252  INFO 30340 --- [           main] c.n.c.sources.URLConfigurationSource     : To enable URLs as dynamic configuration sources, define System property archaius.configurationSource.additionalUrls or make config.properties available on classpath.
2020-06-19 12:55:29.261  WARN 30340 --- [           main] c.n.c.sources.URLConfigurationSource     : No URLs will be polled as dynamic configuration sources.
2020-06-19 12:55:29.261  INFO 30340 --- [           main] c.n.c.sources.URLConfigurationSource     : To enable URLs as dynamic configuration sources, define System property archaius.configurationSource.additionalUrls or make config.properties available on classpath.
2020-06-19 12:55:29.634  INFO 30340 --- [           main] o.s.s.concurrent.ThreadPoolTaskExecutor  : Initializing ExecutorService 'applicationTaskExecutor'
2020-06-19 12:55:29.710  WARN 30340 --- [           main] aWebConfiguration$JpaWebMvcConfiguration : spring.jpa.open-in-view is enabled by default. Therefore, database queries may be performed during view rendering. Explicitly configure spring.jpa.open-in-view to disable this warning
2020-06-19 12:55:31.411  INFO 30340 --- [           main] o.s.b.a.e.web.EndpointLinksResolver      : Exposing 2 endpoint(s) beneath base path '/actuator'
2020-06-19 12:55:32.180  INFO 30340 --- [           main] o.s.c.s.m.DirectWithAttributesChannel    : Channel 'application-1.event-in' has 1 subscriber(s).
2020-06-19 12:55:32.217  INFO 30340 --- [           main] o.s.i.endpoint.EventDrivenConsumer       : Adding {logging-channel-adapter:_org.springframework.integration.errorLogger} as a subscriber to the 'errorChannel' channel
2020-06-19 12:55:32.217  INFO 30340 --- [           main] o.s.i.channel.PublishSubscribeChannel    : Channel 'application-1.errorChannel' has 1 subscriber(s).
2020-06-19 12:55:32.217  INFO 30340 --- [           main] o.s.i.endpoint.EventDrivenConsumer       : started _org.springframework.integration.errorLogger
2020-06-19 12:55:32.279  INFO 30340 --- [           main] o.s.c.s.m.DirectWithAttributesChannel    : Channel 'application-1.event-out' has 1 subscriber(s).
2020-06-19 12:55:32.349  INFO 30340 --- [           main] o.s.b.w.embedded.tomcat.TomcatWebServer  : Tomcat started on port(s): 51769 (http) with context path ''
2020-06-19 12:55:32.352  INFO 30340 --- [           main] tada.TadaTest                            : Started TadaTest in 12.672 seconds (JVM running for 13.593)
2020-06-19 12:55:33.382  INFO 30340 --- [o-auto-1-exec-1] o.a.c.c.C.[Tomcat].[localhost].[/]       : Initializing Spring DispatcherServlet 'dispatcherServlet'
2020-06-19 12:55:33.382  INFO 30340 --- [o-auto-1-exec-1] o.s.web.servlet.DispatcherServlet        : Initializing Servlet 'dispatcherServlet'
2020-06-19 12:55:33.412  INFO 30340 --- [o-auto-1-exec-1] o.s.web.servlet.DispatcherServlet        : Completed initialization in 30 ms
]]></system-out>
  </testcase>
</testsuite>